CRITICAL - 2023-09-19 09:58:23 --> Undefined global variable $_SESSION
in APPPATH\Views\my_view\use_in_home.php on line 40.
 1 APPPATH\Views\my_view\use_in_home.php(40): CodeIgniter\Debug\Exceptions->errorHandler(2, 'Undefined global variable $_SESSION', 'C:\\xampp\\htdocs\\code_4\\app\\Views\\my_view\\use_in_home.php', 40)
 2 SYSTEMPATH\View\View.php(226): include('C:\\xampp\\htdocs\\code_4\\app\\Views\\my_view\\use_in_home.php')
 3 SYSTEMPATH\View\View.php(229): CodeIgniter\View\View->CodeIgniter\View\{closure}()
 4 SYSTEMPATH\Common.php(1188): CodeIgniter\View\View->render('my_view/use_in_home', [], true)
 5 APPPATH\Controllers\Newhome.php(34): view('my_view/use_in_home', [...])
 6 SYSTEMPATH\CodeIgniter.php(919): App\Controllers\Newhome->dase()
 7 SYSTEMPATH\CodeIgniter.php(494): CodeIgniter\CodeIgniter->runController(Object(App\Controllers\Newhome))
 8 SYSTEMPATH\CodeIgniter.php(353): CodeIgniter\CodeIgniter->handleRequest(null, Object(Config\Cache), false)
 9 FCPATH\index.php(79): CodeIgniter\CodeIgniter->run()
CRITICAL - 2023-09-19 09:58:25 --> Undefined global variable $_SESSION
in APPPATH\Views\my_view\use_in_home.php on line 40.
 1 APPPATH\Views\my_view\use_in_home.php(40): CodeIgniter\Debug\Exceptions->errorHandler(2, 'Undefined global variable $_SESSION', 'C:\\xampp\\htdocs\\code_4\\app\\Views\\my_view\\use_in_home.php', 40)
 2 SYSTEMPATH\View\View.php(226): include('C:\\xampp\\htdocs\\code_4\\app\\Views\\my_view\\use_in_home.php')
 3 SYSTEMPATH\View\View.php(229): CodeIgniter\View\View->CodeIgniter\View\{closure}()
 4 SYSTEMPATH\Common.php(1188): CodeIgniter\View\View->render('my_view/use_in_home', [], true)
 5 APPPATH\Controllers\Newhome.php(34): view('my_view/use_in_home', [...])
 6 SYSTEMPATH\CodeIgniter.php(919): App\Controllers\Newhome->dase()
 7 SYSTEMPATH\CodeIgniter.php(494): CodeIgniter\CodeIgniter->runController(Object(App\Controllers\Newhome))
 8 SYSTEMPATH\CodeIgniter.php(353): CodeIgniter\CodeIgniter->handleRequest(null, Object(Config\Cache), false)
 9 FCPATH\index.php(79): CodeIgniter\CodeIgniter->run()
CRITICAL - 2023-09-19 09:58:25 --> Undefined global variable $_SESSION
in APPPATH\Views\my_view\use_in_home.php on line 40.
 1 APPPATH\Views\my_view\use_in_home.php(40): CodeIgniter\Debug\Exceptions->errorHandler(2, 'Undefined global variable $_SESSION', 'C:\\xampp\\htdocs\\code_4\\app\\Views\\my_view\\use_in_home.php', 40)
 2 SYSTEMPATH\View\View.php(226): include('C:\\xampp\\htdocs\\code_4\\app\\Views\\my_view\\use_in_home.php')
 3 SYSTEMPATH\View\View.php(229): CodeIgniter\View\View->CodeIgniter\View\{closure}()
 4 SYSTEMPATH\Common.php(1188): CodeIgniter\View\View->render('my_view/use_in_home', [], true)
 5 APPPATH\Controllers\Newhome.php(34): view('my_view/use_in_home', [...])
 6 SYSTEMPATH\CodeIgniter.php(919): App\Controllers\Newhome->dase()
 7 SYSTEMPATH\CodeIgniter.php(494): CodeIgniter\CodeIgniter->runController(Object(App\Controllers\Newhome))
 8 SYSTEMPATH\CodeIgniter.php(353): CodeIgniter\CodeIgniter->handleRequest(null, Object(Config\Cache), false)
 9 FCPATH\index.php(79): CodeIgniter\CodeIgniter->run()
CRITICAL - 2023-09-19 09:58:41 --> Undefined array key "name"
in APPPATH\Views\my_view\use_in_home.php on line 40.
 1 APPPATH\Views\my_view\use_in_home.php(40): CodeIgniter\Debug\Exceptions->errorHandler(2, 'Undefined array key "name"', 'C:\\xampp\\htdocs\\code_4\\app\\Views\\my_view\\use_in_home.php', 40)
 2 SYSTEMPATH\View\View.php(226): include('C:\\xampp\\htdocs\\code_4\\app\\Views\\my_view\\use_in_home.php')
 3 SYSTEMPATH\View\View.php(229): CodeIgniter\View\View->CodeIgniter\View\{closure}()
 4 SYSTEMPATH\Common.php(1188): CodeIgniter\View\View->render('my_view/use_in_home', [], true)
 5 APPPATH\Controllers\Newhome.php(35): view('my_view/use_in_home', [...])
 6 SYSTEMPATH\CodeIgniter.php(919): App\Controllers\Newhome->dase()
 7 SYSTEMPATH\CodeIgniter.php(494): CodeIgniter\CodeIgniter->runController(Object(App\Controllers\Newhome))
 8 SYSTEMPATH\CodeIgniter.php(353): CodeIgniter\CodeIgniter->handleRequest(null, Object(Config\Cache), false)
 9 FCPATH\index.php(79): CodeIgniter\CodeIgniter->run()
CRITICAL - 2023-09-19 09:58:42 --> Undefined array key "name"
in APPPATH\Views\my_view\use_in_home.php on line 40.
 1 APPPATH\Views\my_view\use_in_home.php(40): CodeIgniter\Debug\Exceptions->errorHandler(2, 'Undefined array key "name"', 'C:\\xampp\\htdocs\\code_4\\app\\Views\\my_view\\use_in_home.php', 40)
 2 SYSTEMPATH\View\View.php(226): include('C:\\xampp\\htdocs\\code_4\\app\\Views\\my_view\\use_in_home.php')
 3 SYSTEMPATH\View\View.php(229): CodeIgniter\View\View->CodeIgniter\View\{closure}()
 4 SYSTEMPATH\Common.php(1188): CodeIgniter\View\View->render('my_view/use_in_home', [], true)
 5 APPPATH\Controllers\Newhome.php(35): view('my_view/use_in_home', [...])
 6 SYSTEMPATH\CodeIgniter.php(919): App\Controllers\Newhome->dase()
 7 SYSTEMPATH\CodeIgniter.php(494): CodeIgniter\CodeIgniter->runController(Object(App\Controllers\Newhome))
 8 SYSTEMPATH\CodeIgniter.php(353): CodeIgniter\CodeIgniter->handleRequest(null, Object(Config\Cache), false)
 9 FCPATH\index.php(79): CodeIgniter\CodeIgniter->run()
CRITICAL - 2023-09-19 09:58:44 --> Undefined array key "name"
in APPPATH\Views\my_view\use_in_home.php on line 40.
 1 APPPATH\Views\my_view\use_in_home.php(40): CodeIgniter\Debug\Exceptions->errorHandler(2, 'Undefined array key "name"', 'C:\\xampp\\htdocs\\code_4\\app\\Views\\my_view\\use_in_home.php', 40)
 2 SYSTEMPATH\View\View.php(226): include('C:\\xampp\\htdocs\\code_4\\app\\Views\\my_view\\use_in_home.php')
 3 SYSTEMPATH\View\View.php(229): CodeIgniter\View\View->CodeIgniter\View\{closure}()
 4 SYSTEMPATH\Common.php(1188): CodeIgniter\View\View->render('my_view/use_in_home', [], true)
 5 APPPATH\Controllers\Newhome.php(35): view('my_view/use_in_home', [...])
 6 SYSTEMPATH\CodeIgniter.php(919): App\Controllers\Newhome->dase()
 7 SYSTEMPATH\CodeIgniter.php(494): CodeIgniter\CodeIgniter->runController(Object(App\Controllers\Newhome))
 8 SYSTEMPATH\CodeIgniter.php(353): CodeIgniter\CodeIgniter->handleRequest(null, Object(Config\Cache), false)
 9 FCPATH\index.php(79): CodeIgniter\CodeIgniter->run()
CRITICAL - 2023-09-19 09:58:44 --> Undefined array key "name"
in APPPATH\Views\my_view\use_in_home.php on line 40.
 1 APPPATH\Views\my_view\use_in_home.php(40): CodeIgniter\Debug\Exceptions->errorHandler(2, 'Undefined array key "name"', 'C:\\xampp\\htdocs\\code_4\\app\\Views\\my_view\\use_in_home.php', 40)
 2 SYSTEMPATH\View\View.php(226): include('C:\\xampp\\htdocs\\code_4\\app\\Views\\my_view\\use_in_home.php')
 3 SYSTEMPATH\View\View.php(229): CodeIgniter\View\View->CodeIgniter\View\{closure}()
 4 SYSTEMPATH\Common.php(1188): CodeIgniter\View\View->render('my_view/use_in_home', [], true)
 5 APPPATH\Controllers\Newhome.php(35): view('my_view/use_in_home', [...])
 6 SYSTEMPATH\CodeIgniter.php(919): App\Controllers\Newhome->dase()
 7 SYSTEMPATH\CodeIgniter.php(494): CodeIgniter\CodeIgniter->runController(Object(App\Controllers\Newhome))
 8 SYSTEMPATH\CodeIgniter.php(353): CodeIgniter\CodeIgniter->handleRequest(null, Object(Config\Cache), false)
 9 FCPATH\index.php(79): CodeIgniter\CodeIgniter->run()
CRITICAL - 2023-09-19 09:58:45 --> Undefined array key "name"
in APPPATH\Views\my_view\use_in_home.php on line 40.
 1 APPPATH\Views\my_view\use_in_home.php(40): CodeIgniter\Debug\Exceptions->errorHandler(2, 'Undefined array key "name"', 'C:\\xampp\\htdocs\\code_4\\app\\Views\\my_view\\use_in_home.php', 40)
 2 SYSTEMPATH\View\View.php(226): include('C:\\xampp\\htdocs\\code_4\\app\\Views\\my_view\\use_in_home.php')
 3 SYSTEMPATH\View\View.php(229): CodeIgniter\View\View->CodeIgniter\View\{closure}()
 4 SYSTEMPATH\Common.php(1188): CodeIgniter\View\View->render('my_view/use_in_home', [], true)
 5 APPPATH\Controllers\Newhome.php(35): view('my_view/use_in_home', [...])
 6 SYSTEMPATH\CodeIgniter.php(919): App\Controllers\Newhome->dase()
 7 SYSTEMPATH\CodeIgniter.php(494): CodeIgniter\CodeIgniter->runController(Object(App\Controllers\Newhome))
 8 SYSTEMPATH\CodeIgniter.php(353): CodeIgniter\CodeIgniter->handleRequest(null, Object(Config\Cache), false)
 9 FCPATH\index.php(79): CodeIgniter\CodeIgniter->run()
CRITICAL - 2023-09-19 09:58:45 --> Undefined array key "name"
in APPPATH\Views\my_view\use_in_home.php on line 40.
 1 APPPATH\Views\my_view\use_in_home.php(40): CodeIgniter\Debug\Exceptions->errorHandler(2, 'Undefined array key "name"', 'C:\\xampp\\htdocs\\code_4\\app\\Views\\my_view\\use_in_home.php', 40)
 2 SYSTEMPATH\View\View.php(226): include('C:\\xampp\\htdocs\\code_4\\app\\Views\\my_view\\use_in_home.php')
 3 SYSTEMPATH\View\View.php(229): CodeIgniter\View\View->CodeIgniter\View\{closure}()
 4 SYSTEMPATH\Common.php(1188): CodeIgniter\View\View->render('my_view/use_in_home', [], true)
 5 APPPATH\Controllers\Newhome.php(35): view('my_view/use_in_home', [...])
 6 SYSTEMPATH\CodeIgniter.php(919): App\Controllers\Newhome->dase()
 7 SYSTEMPATH\CodeIgniter.php(494): CodeIgniter\CodeIgniter->runController(Object(App\Controllers\Newhome))
 8 SYSTEMPATH\CodeIgniter.php(353): CodeIgniter\CodeIgniter->handleRequest(null, Object(Config\Cache), false)
 9 FCPATH\index.php(79): CodeIgniter\CodeIgniter->run()
CRITICAL - 2023-09-19 09:58:45 --> Undefined array key "name"
in APPPATH\Views\my_view\use_in_home.php on line 40.
 1 APPPATH\Views\my_view\use_in_home.php(40): CodeIgniter\Debug\Exceptions->errorHandler(2, 'Undefined array key "name"', 'C:\\xampp\\htdocs\\code_4\\app\\Views\\my_view\\use_in_home.php', 40)
 2 SYSTEMPATH\View\View.php(226): include('C:\\xampp\\htdocs\\code_4\\app\\Views\\my_view\\use_in_home.php')
 3 SYSTEMPATH\View\View.php(229): CodeIgniter\View\View->CodeIgniter\View\{closure}()
 4 SYSTEMPATH\Common.php(1188): CodeIgniter\View\View->render('my_view/use_in_home', [], true)
 5 APPPATH\Controllers\Newhome.php(35): view('my_view/use_in_home', [...])
 6 SYSTEMPATH\CodeIgniter.php(919): App\Controllers\Newhome->dase()
 7 SYSTEMPATH\CodeIgniter.php(494): CodeIgniter\CodeIgniter->runController(Object(App\Controllers\Newhome))
 8 SYSTEMPATH\CodeIgniter.php(353): CodeIgniter\CodeIgniter->handleRequest(null, Object(Config\Cache), false)
 9 FCPATH\index.php(79): CodeIgniter\CodeIgniter->run()
CRITICAL - 2023-09-19 09:59:03 --> Undefined array key "name"
in APPPATH\Views\my_view\use_in_home.php on line 40.
 1 APPPATH\Views\my_view\use_in_home.php(40): CodeIgniter\Debug\Exceptions->errorHandler(2, 'Undefined array key "name"', 'C:\\xampp\\htdocs\\code_4\\app\\Views\\my_view\\use_in_home.php', 40)
 2 SYSTEMPATH\View\View.php(226): include('C:\\xampp\\htdocs\\code_4\\app\\Views\\my_view\\use_in_home.php')
 3 SYSTEMPATH\View\View.php(229): CodeIgniter\View\View->CodeIgniter\View\{closure}()
 4 SYSTEMPATH\Common.php(1188): CodeIgniter\View\View->render('my_view/use_in_home', [], true)
 5 APPPATH\Controllers\Newhome.php(35): view('my_view/use_in_home', [...], [])
 6 SYSTEMPATH\CodeIgniter.php(919): App\Controllers\Newhome->dase()
 7 SYSTEMPATH\CodeIgniter.php(494): CodeIgniter\CodeIgniter->runController(Object(App\Controllers\Newhome))
 8 SYSTEMPATH\CodeIgniter.php(353): CodeIgniter\CodeIgniter->handleRequest(null, Object(Config\Cache), false)
 9 FCPATH\index.php(79): CodeIgniter\CodeIgniter->run()
CRITICAL - 2023-09-19 09:59:04 --> Undefined array key "name"
in APPPATH\Views\my_view\use_in_home.php on line 40.
 1 APPPATH\Views\my_view\use_in_home.php(40): CodeIgniter\Debug\Exceptions->errorHandler(2, 'Undefined array key "name"', 'C:\\xampp\\htdocs\\code_4\\app\\Views\\my_view\\use_in_home.php', 40)
 2 SYSTEMPATH\View\View.php(226): include('C:\\xampp\\htdocs\\code_4\\app\\Views\\my_view\\use_in_home.php')
 3 SYSTEMPATH\View\View.php(229): CodeIgniter\View\View->CodeIgniter\View\{closure}()
 4 SYSTEMPATH\Common.php(1188): CodeIgniter\View\View->render('my_view/use_in_home', [], true)
 5 APPPATH\Controllers\Newhome.php(35): view('my_view/use_in_home', [...], [])
 6 SYSTEMPATH\CodeIgniter.php(919): App\Controllers\Newhome->dase()
 7 SYSTEMPATH\CodeIgniter.php(494): CodeIgniter\CodeIgniter->runController(Object(App\Controllers\Newhome))
 8 SYSTEMPATH\CodeIgniter.php(353): CodeIgniter\CodeIgniter->handleRequest(null, Object(Config\Cache), false)
 9 FCPATH\index.php(79): CodeIgniter\CodeIgniter->run()
CRITICAL - 2023-09-19 09:59:05 --> Undefined array key "name"
in APPPATH\Views\my_view\use_in_home.php on line 40.
 1 APPPATH\Views\my_view\use_in_home.php(40): CodeIgniter\Debug\Exceptions->errorHandler(2, 'Undefined array key "name"', 'C:\\xampp\\htdocs\\code_4\\app\\Views\\my_view\\use_in_home.php', 40)
 2 SYSTEMPATH\View\View.php(226): include('C:\\xampp\\htdocs\\code_4\\app\\Views\\my_view\\use_in_home.php')
 3 SYSTEMPATH\View\View.php(229): CodeIgniter\View\View->CodeIgniter\View\{closure}()
 4 SYSTEMPATH\Common.php(1188): CodeIgniter\View\View->render('my_view/use_in_home', [], true)
 5 APPPATH\Controllers\Newhome.php(35): view('my_view/use_in_home', [...], [])
 6 SYSTEMPATH\CodeIgniter.php(919): App\Controllers\Newhome->dase()
 7 SYSTEMPATH\CodeIgniter.php(494): CodeIgniter\CodeIgniter->runController(Object(App\Controllers\Newhome))
 8 SYSTEMPATH\CodeIgniter.php(353): CodeIgniter\CodeIgniter->handleRequest(null, Object(Config\Cache), false)
 9 FCPATH\index.php(79): CodeIgniter\CodeIgniter->run()
CRITICAL - 2023-09-19 09:59:05 --> Undefined array key "name"
in APPPATH\Views\my_view\use_in_home.php on line 40.
 1 APPPATH\Views\my_view\use_in_home.php(40): CodeIgniter\Debug\Exceptions->errorHandler(2, 'Undefined array key "name"', 'C:\\xampp\\htdocs\\code_4\\app\\Views\\my_view\\use_in_home.php', 40)
 2 SYSTEMPATH\View\View.php(226): include('C:\\xampp\\htdocs\\code_4\\app\\Views\\my_view\\use_in_home.php')
 3 SYSTEMPATH\View\View.php(229): CodeIgniter\View\View->CodeIgniter\View\{closure}()
 4 SYSTEMPATH\Common.php(1188): CodeIgniter\View\View->render('my_view/use_in_home', [], true)
 5 APPPATH\Controllers\Newhome.php(35): view('my_view/use_in_home', [...], [])
 6 SYSTEMPATH\CodeIgniter.php(919): App\Controllers\Newhome->dase()
 7 SYSTEMPATH\CodeIgniter.php(494): CodeIgniter\CodeIgniter->runController(Object(App\Controllers\Newhome))
 8 SYSTEMPATH\CodeIgniter.php(353): CodeIgniter\CodeIgniter->handleRequest(null, Object(Config\Cache), false)
 9 FCPATH\index.php(79): CodeIgniter\CodeIgniter->run()
CRITICAL - 2023-09-19 09:59:06 --> Undefined array key "name"
in APPPATH\Views\my_view\use_in_home.php on line 40.
 1 APPPATH\Views\my_view\use_in_home.php(40): CodeIgniter\Debug\Exceptions->errorHandler(2, 'Undefined array key "name"', 'C:\\xampp\\htdocs\\code_4\\app\\Views\\my_view\\use_in_home.php', 40)
 2 SYSTEMPATH\View\View.php(226): include('C:\\xampp\\htdocs\\code_4\\app\\Views\\my_view\\use_in_home.php')
 3 SYSTEMPATH\View\View.php(229): CodeIgniter\View\View->CodeIgniter\View\{closure}()
 4 SYSTEMPATH\Common.php(1188): CodeIgniter\View\View->render('my_view/use_in_home', [], true)
 5 APPPATH\Controllers\Newhome.php(35): view('my_view/use_in_home', [...], [])
 6 SYSTEMPATH\CodeIgniter.php(919): App\Controllers\Newhome->dase()
 7 SYSTEMPATH\CodeIgniter.php(494): CodeIgniter\CodeIgniter->runController(Object(App\Controllers\Newhome))
 8 SYSTEMPATH\CodeIgniter.php(353): CodeIgniter\CodeIgniter->handleRequest(null, Object(Config\Cache), false)
 9 FCPATH\index.php(79): CodeIgniter\CodeIgniter->run()
CRITICAL - 2023-09-19 09:59:31 --> Array to string conversion
in APPPATH\Controllers\Newhome.php on line 32.
 1 APPPATH\Controllers\Newhome.php(32): CodeIgniter\Debug\Exceptions->errorHandler(2, 'Array to string conversion', 'C:\\xampp\\htdocs\\code_4\\app\\Controllers\\Newhome.php', 32)
 2 SYSTEMPATH\CodeIgniter.php(919): App\Controllers\Newhome->dase()
 3 SYSTEMPATH\CodeIgniter.php(494): CodeIgniter\CodeIgniter->runController(Object(App\Controllers\Newhome))
 4 SYSTEMPATH\CodeIgniter.php(353): CodeIgniter\CodeIgniter->handleRequest(null, Object(Config\Cache), false)
 5 FCPATH\index.php(79): CodeIgniter\CodeIgniter->run()
CRITICAL - 2023-09-19 09:59:32 --> Array to string conversion
in APPPATH\Controllers\Newhome.php on line 32.
 1 APPPATH\Controllers\Newhome.php(32): CodeIgniter\Debug\Exceptions->errorHandler(2, 'Array to string conversion', 'C:\\xampp\\htdocs\\code_4\\app\\Controllers\\Newhome.php', 32)
 2 SYSTEMPATH\CodeIgniter.php(919): App\Controllers\Newhome->dase()
 3 SYSTEMPATH\CodeIgniter.php(494): CodeIgniter\CodeIgniter->runController(Object(App\Controllers\Newhome))
 4 SYSTEMPATH\CodeIgniter.php(353): CodeIgniter\CodeIgniter->handleRequest(null, Object(Config\Cache), false)
 5 FCPATH\index.php(79): CodeIgniter\CodeIgniter->run()
CRITICAL - 2023-09-19 09:59:32 --> Array to string conversion
in APPPATH\Controllers\Newhome.php on line 32.
 1 APPPATH\Controllers\Newhome.php(32): CodeIgniter\Debug\Exceptions->errorHandler(2, 'Array to string conversion', 'C:\\xampp\\htdocs\\code_4\\app\\Controllers\\Newhome.php', 32)
 2 SYSTEMPATH\CodeIgniter.php(919): App\Controllers\Newhome->dase()
 3 SYSTEMPATH\CodeIgniter.php(494): CodeIgniter\CodeIgniter->runController(Object(App\Controllers\Newhome))
 4 SYSTEMPATH\CodeIgniter.php(353): CodeIgniter\CodeIgniter->handleRequest(null, Object(Config\Cache), false)
 5 FCPATH\index.php(79): CodeIgniter\CodeIgniter->run()
CRITICAL - 2023-09-19 09:59:33 --> Array to string conversion
in APPPATH\Controllers\Newhome.php on line 32.
 1 APPPATH\Controllers\Newhome.php(32): CodeIgniter\Debug\Exceptions->errorHandler(2, 'Array to string conversion', 'C:\\xampp\\htdocs\\code_4\\app\\Controllers\\Newhome.php', 32)
 2 SYSTEMPATH\CodeIgniter.php(919): App\Controllers\Newhome->dase()
 3 SYSTEMPATH\CodeIgniter.php(494): CodeIgniter\CodeIgniter->runController(Object(App\Controllers\Newhome))
 4 SYSTEMPATH\CodeIgniter.php(353): CodeIgniter\CodeIgniter->handleRequest(null, Object(Config\Cache), false)
 5 FCPATH\index.php(79): CodeIgniter\CodeIgniter->run()
ERROR - 2023-09-19 10:14:00 --> mysqli_sql_exception: Table 'code.code1' doesn't exist in C:\xampp\htdocs\code_4\system\Database\MySQLi\Connection.php:306
Stack trace:
#0 C:\xampp\htdocs\code_4\system\Database\MySQLi\Connection.php(306): mysqli->query('DELETE FROM `co...', 0)
#1 C:\xampp\htdocs\code_4\system\Database\BaseConnection.php(692): CodeIgniter\Database\MySQLi\Connection->execute('DELETE FROM `co...')
#2 C:\xampp\htdocs\code_4\system\Database\BaseConnection.php(606): CodeIgniter\Database\BaseConnection->simpleQuery('DELETE FROM `co...')
#3 C:\xampp\htdocs\code_4\system\Database\BaseBuilder.php(2790): CodeIgniter\Database\BaseConnection->query('DELETE FROM `co...', Array, false)
#4 C:\xampp\htdocs\code_4\app\Models\newmodel.php(21): CodeIgniter\Database\BaseBuilder->delete(Array)
#5 C:\xampp\htdocs\code_4\app\Controllers\Home.php(23): App\Models\newmodel->deleterow('code1', Array)
#6 C:\xampp\htdocs\code_4\system\CodeIgniter.php(919): App\Controllers\Home->delete('1')
#7 C:\xampp\htdocs\code_4\system\CodeIgniter.php(494): CodeIgniter\CodeIgniter->runController(Object(App\Controllers\Home))
#8 C:\xampp\htdocs\code_4\system\CodeIgniter.php(353): CodeIgniter\CodeIgniter->handleRequest(NULL, Object(Config\Cache), false)
#9 C:\xampp\htdocs\code_4\public\index.php(79): CodeIgniter\CodeIgniter->run()
#10 {main}
CRITICAL - 2023-09-19 10:14:00 --> Table 'code.code1' doesn't exist
in SYSTEMPATH\Database\BaseConnection.php on line 646.
 1 SYSTEMPATH\Database\BaseBuilder.php(2790): CodeIgniter\Database\BaseConnection->query('DELETE FROM `code1`
WHERE `row` = :row:', [...], false)
 2 APPPATH\Models\newmodel.php(21): CodeIgniter\Database\BaseBuilder->delete([...])
 3 APPPATH\Controllers\Home.php(23): App\Models\newmodel->deleterow('code1', [...])
 4 SYSTEMPATH\CodeIgniter.php(919): App\Controllers\Home->delete('1')
 5 SYSTEMPATH\CodeIgniter.php(494): CodeIgniter\CodeIgniter->runController(Object(App\Controllers\Home))
 6 SYSTEMPATH\CodeIgniter.php(353): CodeIgniter\CodeIgniter->handleRequest(null, Object(Config\Cache), false)
 7 FCPATH\index.php(79): CodeIgniter\CodeIgniter->run()
ERROR - 2023-09-19 10:14:06 --> mysqli_sql_exception: Table 'code.code1' doesn't exist in C:\xampp\htdocs\code_4\system\Database\MySQLi\Connection.php:306
Stack trace:
#0 C:\xampp\htdocs\code_4\system\Database\MySQLi\Connection.php(306): mysqli->query('DELETE FROM `co...', 0)
#1 C:\xampp\htdocs\code_4\system\Database\BaseConnection.php(692): CodeIgniter\Database\MySQLi\Connection->execute('DELETE FROM `co...')
#2 C:\xampp\htdocs\code_4\system\Database\BaseConnection.php(606): CodeIgniter\Database\BaseConnection->simpleQuery('DELETE FROM `co...')
#3 C:\xampp\htdocs\code_4\system\Database\BaseBuilder.php(2790): CodeIgniter\Database\BaseConnection->query('DELETE FROM `co...', Array, false)
#4 C:\xampp\htdocs\code_4\app\Models\newmodel.php(21): CodeIgniter\Database\BaseBuilder->delete(Array)
#5 C:\xampp\htdocs\code_4\app\Controllers\Home.php(23): App\Models\newmodel->deleterow('code1', Array)
#6 C:\xampp\htdocs\code_4\system\CodeIgniter.php(919): App\Controllers\Home->delete('1')
#7 C:\xampp\htdocs\code_4\system\CodeIgniter.php(494): CodeIgniter\CodeIgniter->runController(Object(App\Controllers\Home))
#8 C:\xampp\htdocs\code_4\system\CodeIgniter.php(353): CodeIgniter\CodeIgniter->handleRequest(NULL, Object(Config\Cache), false)
#9 C:\xampp\htdocs\code_4\public\index.php(79): CodeIgniter\CodeIgniter->run()
#10 {main}
CRITICAL - 2023-09-19 10:14:06 --> Table 'code.code1' doesn't exist
in SYSTEMPATH\Database\BaseConnection.php on line 646.
 1 SYSTEMPATH\Database\BaseBuilder.php(2790): CodeIgniter\Database\BaseConnection->query('DELETE FROM `code1`
WHERE `row` = :row:', [...], false)
 2 APPPATH\Models\newmodel.php(21): CodeIgniter\Database\BaseBuilder->delete([...])
 3 APPPATH\Controllers\Home.php(23): App\Models\newmodel->deleterow('code1', [...])
 4 SYSTEMPATH\CodeIgniter.php(919): App\Controllers\Home->delete('1')
 5 SYSTEMPATH\CodeIgniter.php(494): CodeIgniter\CodeIgniter->runController(Object(App\Controllers\Home))
 6 SYSTEMPATH\CodeIgniter.php(353): CodeIgniter\CodeIgniter->handleRequest(null, Object(Config\Cache), false)
 7 FCPATH\index.php(79): CodeIgniter\CodeIgniter->run()
ERROR - 2023-09-19 10:14:09 --> mysqli_sql_exception: Table 'code.code1' doesn't exist in C:\xampp\htdocs\code_4\system\Database\MySQLi\Connection.php:306
Stack trace:
#0 C:\xampp\htdocs\code_4\system\Database\MySQLi\Connection.php(306): mysqli->query('DELETE FROM `co...', 0)
#1 C:\xampp\htdocs\code_4\system\Database\BaseConnection.php(692): CodeIgniter\Database\MySQLi\Connection->execute('DELETE FROM `co...')
#2 C:\xampp\htdocs\code_4\system\Database\BaseConnection.php(606): CodeIgniter\Database\BaseConnection->simpleQuery('DELETE FROM `co...')
#3 C:\xampp\htdocs\code_4\system\Database\BaseBuilder.php(2790): CodeIgniter\Database\BaseConnection->query('DELETE FROM `co...', Array, false)
#4 C:\xampp\htdocs\code_4\app\Models\newmodel.php(21): CodeIgniter\Database\BaseBuilder->delete(Array)
#5 C:\xampp\htdocs\code_4\app\Controllers\Home.php(23): App\Models\newmodel->deleterow('code1', Array)
#6 C:\xampp\htdocs\code_4\system\CodeIgniter.php(919): App\Controllers\Home->delete('2')
#7 C:\xampp\htdocs\code_4\system\CodeIgniter.php(494): CodeIgniter\CodeIgniter->runController(Object(App\Controllers\Home))
#8 C:\xampp\htdocs\code_4\system\CodeIgniter.php(353): CodeIgniter\CodeIgniter->handleRequest(NULL, Object(Config\Cache), false)
#9 C:\xampp\htdocs\code_4\public\index.php(79): CodeIgniter\CodeIgniter->run()
#10 {main}
CRITICAL - 2023-09-19 10:14:09 --> Table 'code.code1' doesn't exist
in SYSTEMPATH\Database\BaseConnection.php on line 646.
 1 SYSTEMPATH\Database\BaseBuilder.php(2790): CodeIgniter\Database\BaseConnection->query('DELETE FROM `code1`
WHERE `row` = :row:', [...], false)
 2 APPPATH\Models\newmodel.php(21): CodeIgniter\Database\BaseBuilder->delete([...])
 3 APPPATH\Controllers\Home.php(23): App\Models\newmodel->deleterow('code1', [...])
 4 SYSTEMPATH\CodeIgniter.php(919): App\Controllers\Home->delete('2')
 5 SYSTEMPATH\CodeIgniter.php(494): CodeIgniter\CodeIgniter->runController(Object(App\Controllers\Home))
 6 SYSTEMPATH\CodeIgniter.php(353): CodeIgniter\CodeIgniter->handleRequest(null, Object(Config\Cache), false)
 7 FCPATH\index.php(79): CodeIgniter\CodeIgniter->run()
ERROR - 2023-09-19 10:14:10 --> mysqli_sql_exception: Table 'code.code1' doesn't exist in C:\xampp\htdocs\code_4\system\Database\MySQLi\Connection.php:306
Stack trace:
#0 C:\xampp\htdocs\code_4\system\Database\MySQLi\Connection.php(306): mysqli->query('DELETE FROM `co...', 0)
#1 C:\xampp\htdocs\code_4\system\Database\BaseConnection.php(692): CodeIgniter\Database\MySQLi\Connection->execute('DELETE FROM `co...')
#2 C:\xampp\htdocs\code_4\system\Database\BaseConnection.php(606): CodeIgniter\Database\BaseConnection->simpleQuery('DELETE FROM `co...')
#3 C:\xampp\htdocs\code_4\system\Database\BaseBuilder.php(2790): CodeIgniter\Database\BaseConnection->query('DELETE FROM `co...', Array, false)
#4 C:\xampp\htdocs\code_4\app\Models\newmodel.php(21): CodeIgniter\Database\BaseBuilder->delete(Array)
#5 C:\xampp\htdocs\code_4\app\Controllers\Home.php(23): App\Models\newmodel->deleterow('code1', Array)
#6 C:\xampp\htdocs\code_4\system\CodeIgniter.php(919): App\Controllers\Home->delete('2')
#7 C:\xampp\htdocs\code_4\system\CodeIgniter.php(494): CodeIgniter\CodeIgniter->runController(Object(App\Controllers\Home))
#8 C:\xampp\htdocs\code_4\system\CodeIgniter.php(353): CodeIgniter\CodeIgniter->handleRequest(NULL, Object(Config\Cache), false)
#9 C:\xampp\htdocs\code_4\public\index.php(79): CodeIgniter\CodeIgniter->run()
#10 {main}
CRITICAL - 2023-09-19 10:14:10 --> Table 'code.code1' doesn't exist
in SYSTEMPATH\Database\BaseConnection.php on line 646.
 1 SYSTEMPATH\Database\BaseBuilder.php(2790): CodeIgniter\Database\BaseConnection->query('DELETE FROM `code1`
WHERE `row` = :row:', [...], false)
 2 APPPATH\Models\newmodel.php(21): CodeIgniter\Database\BaseBuilder->delete([...])
 3 APPPATH\Controllers\Home.php(23): App\Models\newmodel->deleterow('code1', [...])
 4 SYSTEMPATH\CodeIgniter.php(919): App\Controllers\Home->delete('2')
 5 SYSTEMPATH\CodeIgniter.php(494): CodeIgniter\CodeIgniter->runController(Object(App\Controllers\Home))
 6 SYSTEMPATH\CodeIgniter.php(353): CodeIgniter\CodeIgniter->handleRequest(null, Object(Config\Cache), false)
 7 FCPATH\index.php(79): CodeIgniter\CodeIgniter->run()
ERROR - 2023-09-19 14:49:59 --> mysqli_sql_exception: Table 'code.code1' doesn't exist in C:\xampp\htdocs\code_4\system\Database\MySQLi\Connection.php:306
Stack trace:
#0 C:\xampp\htdocs\code_4\system\Database\MySQLi\Connection.php(306): mysqli->query('SELECT *\nFROM `...', 0)
#1 C:\xampp\htdocs\code_4\system\Database\BaseConnection.php(692): CodeIgniter\Database\MySQLi\Connection->execute('SELECT *\nFROM `...')
#2 C:\xampp\htdocs\code_4\system\Database\BaseConnection.php(606): CodeIgniter\Database\BaseConnection->simpleQuery('SELECT *\nFROM `...')
#3 C:\xampp\htdocs\code_4\system\Database\BaseBuilder.php(1615): CodeIgniter\Database\BaseConnection->query('SELECT *\nFROM `...', Array, false)
#4 C:\xampp\htdocs\code_4\app\Models\newmodel.php(27): CodeIgniter\Database\BaseBuilder->get()
#5 C:\xampp\htdocs\code_4\app\Controllers\Home.php(37): App\Models\newmodel->selectonerow('code1', Array)
#6 C:\xampp\htdocs\code_4\system\CodeIgniter.php(919): App\Controllers\Home->update('4')
#7 C:\xampp\htdocs\code_4\system\CodeIgniter.php(494): CodeIgniter\CodeIgniter->runController(Object(App\Controllers\Home))
#8 C:\xampp\htdocs\code_4\system\CodeIgniter.php(353): CodeIgniter\CodeIgniter->handleRequest(NULL, Object(Config\Cache), false)
#9 C:\xampp\htdocs\code_4\public\index.php(79): CodeIgniter\CodeIgniter->run()
#10 {main}
CRITICAL - 2023-09-19 14:49:59 --> Table 'code.code1' doesn't exist
in SYSTEMPATH\Database\BaseConnection.php on line 646.
 1 SYSTEMPATH\Database\BaseBuilder.php(1615): CodeIgniter\Database\BaseConnection->query('SELECT *
FROM `code1`
WHERE `row` = :row:', [...], false)
 2 APPPATH\Models\newmodel.php(27): CodeIgniter\Database\BaseBuilder->get()
 3 APPPATH\Controllers\Home.php(37): App\Models\newmodel->selectonerow('code1', [...])
 4 SYSTEMPATH\CodeIgniter.php(919): App\Controllers\Home->update('4')
 5 SYSTEMPATH\CodeIgniter.php(494): CodeIgniter\CodeIgniter->runController(Object(App\Controllers\Home))
 6 SYSTEMPATH\CodeIgniter.php(353): CodeIgniter\CodeIgniter->handleRequest(null, Object(Config\Cache), false)
 7 FCPATH\index.php(79): CodeIgniter\CodeIgniter->run()
ERROR - 2023-09-19 16:01:50 --> Error connecting to the database: mysqli_sql_exception: No connection could be made because the target machine actively refused it in C:\xampp\htdocs\code_4\system\Database\MySQLi\Connection.php:184
Stack trace:
#0 C:\xampp\htdocs\code_4\system\Database\MySQLi\Connection.php(184): mysqli->real_connect('localhost', 'root', Object(SensitiveParameterValue), 'code', 3306, '', 0)
#1 C:\xampp\htdocs\code_4\system\Database\BaseConnection.php(391): CodeIgniter\Database\MySQLi\Connection->connect(false)
#2 C:\xampp\htdocs\code_4\system\Database\BaseConnection.php(574): CodeIgniter\Database\BaseConnection->initialize()
#3 C:\xampp\htdocs\code_4\system\Database\BaseBuilder.php(1615): CodeIgniter\Database\BaseConnection->query('SELECT *\nFROM `...', Array, false)
#4 C:\xampp\htdocs\code_4\app\Models\newmodel.php(15): CodeIgniter\Database\BaseBuilder->get()
#5 C:\xampp\htdocs\code_4\app\Controllers\Newhome.php(29): App\Models\newmodel->selectrow('members')
#6 C:\xampp\htdocs\code_4\system\CodeIgniter.php(919): App\Controllers\Newhome->dase()
#7 C:\xampp\htdocs\code_4\system\CodeIgniter.php(494): CodeIgniter\CodeIgniter->runController(Object(App\Controllers\Newhome))
#8 C:\xampp\htdocs\code_4\system\CodeIgniter.php(353): CodeIgniter\CodeIgniter->handleRequest(NULL, Object(Config\Cache), false)
#9 C:\xampp\htdocs\code_4\public\index.php(79): CodeIgniter\CodeIgniter->run()
#10 {main}

Next CodeIgniter\Database\Exceptions\DatabaseException: No connection could be made because the target machine actively refused it in C:\xampp\htdocs\code_4\system\Database\MySQLi\Connection.php:229
Stack trace:
#0 C:\xampp\htdocs\code_4\system\Database\BaseConnection.php(391): CodeIgniter\Database\MySQLi\Connection->connect(false)
#1 C:\xampp\htdocs\code_4\system\Database\BaseConnection.php(574): CodeIgniter\Database\BaseConnection->initialize()
#2 C:\xampp\htdocs\code_4\system\Database\BaseBuilder.php(1615): CodeIgniter\Database\BaseConnection->query('SELECT *\nFROM `...', Array, false)
#3 C:\xampp\htdocs\code_4\app\Models\newmodel.php(15): CodeIgniter\Database\BaseBuilder->get()
#4 C:\xampp\htdocs\code_4\app\Controllers\Newhome.php(29): App\Models\newmodel->selectrow('members')
#5 C:\xampp\htdocs\code_4\system\CodeIgniter.php(919): App\Controllers\Newhome->dase()
#6 C:\xampp\htdocs\code_4\system\CodeIgniter.php(494): CodeIgniter\CodeIgniter->runController(Object(App\Controllers\Newhome))
#7 C:\xampp\htdocs\code_4\system\CodeIgniter.php(353): CodeIgniter\CodeIgniter->handleRequest(NULL, Object(Config\Cache), false)
#8 C:\xampp\htdocs\code_4\public\index.php(79): CodeIgniter\CodeIgniter->run()
#9 {main}
CRITICAL - 2023-09-19 16:01:50 --> Unable to connect to the database.
Main connection [MySQLi]: No connection could be made because the target machine actively refused it
in SYSTEMPATH\Database\BaseConnection.php on line 427.
 1 SYSTEMPATH\Database\BaseConnection.php(574): CodeIgniter\Database\BaseConnection->initialize()
 2 SYSTEMPATH\Database\BaseBuilder.php(1615): CodeIgniter\Database\BaseConnection->query('SELECT *
FROM `members`', [], false)
 3 APPPATH\Models\newmodel.php(15): CodeIgniter\Database\BaseBuilder->get()
 4 APPPATH\Controllers\Newhome.php(29): App\Models\newmodel->selectrow('members')
 5 SYSTEMPATH\CodeIgniter.php(919): App\Controllers\Newhome->dase()
 6 SYSTEMPATH\CodeIgniter.php(494): CodeIgniter\CodeIgniter->runController(Object(App\Controllers\Newhome))
 7 SYSTEMPATH\CodeIgniter.php(353): CodeIgniter\CodeIgniter->handleRequest(null, Object(Config\Cache), false)
 8 FCPATH\index.php(79): CodeIgniter\CodeIgniter->run()
ERROR - 2023-09-19 16:02:02 --> Error connecting to the database: mysqli_sql_exception: No connection could be made because the target machine actively refused it in C:\xampp\htdocs\code_4\system\Database\MySQLi\Connection.php:184
Stack trace:
#0 C:\xampp\htdocs\code_4\system\Database\MySQLi\Connection.php(184): mysqli->real_connect('localhost', 'root', Object(SensitiveParameterValue), 'code', 3306, '', 0)
#1 C:\xampp\htdocs\code_4\system\Database\BaseConnection.php(391): CodeIgniter\Database\MySQLi\Connection->connect(false)
#2 C:\xampp\htdocs\code_4\system\Database\BaseConnection.php(574): CodeIgniter\Database\BaseConnection->initialize()
#3 C:\xampp\htdocs\code_4\system\Database\BaseBuilder.php(1615): CodeIgniter\Database\BaseConnection->query('SELECT *\nFROM `...', Array, false)
#4 C:\xampp\htdocs\code_4\app\Models\newmodel.php(15): CodeIgniter\Database\BaseBuilder->get()
#5 C:\xampp\htdocs\code_4\app\Controllers\Newhome.php(29): App\Models\newmodel->selectrow('members')
#6 C:\xampp\htdocs\code_4\system\CodeIgniter.php(919): App\Controllers\Newhome->dase()
#7 C:\xampp\htdocs\code_4\system\CodeIgniter.php(494): CodeIgniter\CodeIgniter->runController(Object(App\Controllers\Newhome))
#8 C:\xampp\htdocs\code_4\system\CodeIgniter.php(353): CodeIgniter\CodeIgniter->handleRequest(NULL, Object(Config\Cache), false)
#9 C:\xampp\htdocs\code_4\public\index.php(79): CodeIgniter\CodeIgniter->run()
#10 {main}

Next CodeIgniter\Database\Exceptions\DatabaseException: No connection could be made because the target machine actively refused it in C:\xampp\htdocs\code_4\system\Database\MySQLi\Connection.php:229
Stack trace:
#0 C:\xampp\htdocs\code_4\system\Database\BaseConnection.php(391): CodeIgniter\Database\MySQLi\Connection->connect(false)
#1 C:\xampp\htdocs\code_4\system\Database\BaseConnection.php(574): CodeIgniter\Database\BaseConnection->initialize()
#2 C:\xampp\htdocs\code_4\system\Database\BaseBuilder.php(1615): CodeIgniter\Database\BaseConnection->query('SELECT *\nFROM `...', Array, false)
#3 C:\xampp\htdocs\code_4\app\Models\newmodel.php(15): CodeIgniter\Database\BaseBuilder->get()
#4 C:\xampp\htdocs\code_4\app\Controllers\Newhome.php(29): App\Models\newmodel->selectrow('members')
#5 C:\xampp\htdocs\code_4\system\CodeIgniter.php(919): App\Controllers\Newhome->dase()
#6 C:\xampp\htdocs\code_4\system\CodeIgniter.php(494): CodeIgniter\CodeIgniter->runController(Object(App\Controllers\Newhome))
#7 C:\xampp\htdocs\code_4\system\CodeIgniter.php(353): CodeIgniter\CodeIgniter->handleRequest(NULL, Object(Config\Cache), false)
#8 C:\xampp\htdocs\code_4\public\index.php(79): CodeIgniter\CodeIgniter->run()
#9 {main}
CRITICAL - 2023-09-19 16:02:02 --> Unable to connect to the database.
Main connection [MySQLi]: No connection could be made because the target machine actively refused it
in SYSTEMPATH\Database\BaseConnection.php on line 427.
 1 SYSTEMPATH\Database\BaseConnection.php(574): CodeIgniter\Database\BaseConnection->initialize()
 2 SYSTEMPATH\Database\BaseBuilder.php(1615): CodeIgniter\Database\BaseConnection->query('SELECT *
FROM `members`', [], false)
 3 APPPATH\Models\newmodel.php(15): CodeIgniter\Database\BaseBuilder->get()
 4 APPPATH\Controllers\Newhome.php(29): App\Models\newmodel->selectrow('members')
 5 SYSTEMPATH\CodeIgniter.php(919): App\Controllers\Newhome->dase()
 6 SYSTEMPATH\CodeIgniter.php(494): CodeIgniter\CodeIgniter->runController(Object(App\Controllers\Newhome))
 7 SYSTEMPATH\CodeIgniter.php(353): CodeIgniter\CodeIgniter->handleRequest(null, Object(Config\Cache), false)
 8 FCPATH\index.php(79): CodeIgniter\CodeIgniter->run()
